TN:
SF:src\model\booking.js
FN:5,(anonymous_0)
FN:6,(anonymous_1)
FN:7,(anonymous_2)
FN:20,(anonymous_3)
FN:21,(anonymous_4)
FN:22,(anonymous_5)
FN:38,(anonymous_6)
FN:39,(anonymous_7)
FN:40,(anonymous_8)
FN:54,(anonymous_9)
FN:55,(anonymous_10)
FN:56,(anonymous_11)
FN:59,(anonymous_12)
FN:68,(anonymous_13)
FN:73,(anonymous_14)
FN:75,(anonymous_15)
FN:94,(anonymous_16)
FN:95,(anonymous_17)
FN:96,(anonymous_18)
FN:109,(anonymous_19)
FN:110,(anonymous_20)
FN:111,(anonymous_21)
FN:124,(anonymous_22)
FN:125,(anonymous_23)
FN:126,(anonymous_24)
FNF:25
FNH:24
FNDA:2,(anonymous_0)
FNDA:2,(anonymous_1)
FNDA:2,(anonymous_2)
FNDA:1,(anonymous_3)
FNDA:1,(anonymous_4)
FNDA:1,(anonymous_5)
FNDA:3,(anonymous_6)
FNDA:3,(anonymous_7)
FNDA:3,(anonymous_8)
FNDA:1,(anonymous_9)
FNDA:1,(anonymous_10)
FNDA:1,(anonymous_11)
FNDA:1,(anonymous_12)
FNDA:1,(anonymous_13)
FNDA:1,(anonymous_14)
FNDA:0,(anonymous_15)
FNDA:4,(anonymous_16)
FNDA:4,(anonymous_17)
FNDA:4,(anonymous_18)
FNDA:4,(anonymous_19)
FNDA:4,(anonymous_20)
FNDA:3,(anonymous_21)
FNDA:2,(anonymous_22)
FNDA:2,(anonymous_23)
FNDA:2,(anonymous_24)
DA:2,1
DA:3,1
DA:5,1
DA:6,2
DA:7,2
DA:8,2
DA:9,2
DA:11,0
DA:20,1
DA:21,1
DA:22,1
DA:24,1
DA:25,1
DA:26,3
DA:27,3
DA:29,1
DA:30,1
DA:31,1
DA:32,1
DA:38,1
DA:39,3
DA:40,3
DA:43,3
DA:45,3
DA:47,0
DA:54,1
DA:55,1
DA:56,1
DA:59,1
DA:63,1
DA:64,1
DA:66,1
DA:68,1
DA:70,1
DA:73,1
DA:74,1
DA:75,1
DA:76,0
DA:77,0
DA:84,0
DA:94,1
DA:95,4
DA:96,4
DA:98,4
DA:99,4
DA:101,0
DA:109,1
DA:110,4
DA:111,4
DA:113,3
DA:114,2
DA:116,1
DA:124,1
DA:125,2
DA:126,2
DA:128,2
DA:129,1
DA:131,1
DA:137,1
LF:59
LH:53
BRDA:8,0,0,2
BRDA:8,0,1,0
BRDA:8,1,0,2
BRDA:8,1,1,2
BRDA:43,2,0,3
BRDA:43,2,1,0
BRDA:70,3,0,1
BRDA:70,3,1,0
BRDA:70,4,0,1
BRDA:70,4,1,1
BRDA:74,5,0,1
BRDA:74,5,1,0
BRDA:76,6,0,0
BRDA:76,6,1,0
BRDA:98,7,0,4
BRDA:98,7,1,0
BRDA:113,8,0,2
BRDA:113,8,1,1
BRDA:128,9,0,1
BRDA:128,9,1,1
BRDA:128,10,0,2
BRDA:128,10,1,2
BRF:22
BRH:15
end_of_record
TN:
SF:src\model\setupUser.js
FN:747,(anonymous_0)
FN:748,(anonymous_1)
FN:749,(anonymous_2)
FN:750,(anonymous_3)
FN:751,(anonymous_4)
FN:752,(anonymous_5)
FN:753,(anonymous_6)
FN:754,(anonymous_7)
FN:755,(anonymous_8)
FN:756,(anonymous_9)
FN:757,(anonymous_10)
FN:758,(anonymous_11)
FN:759,(anonymous_12)
FNF:13
FNH:13
FNDA:2,(anonymous_0)
FNDA:2,(anonymous_1)
FNDA:2,(anonymous_2)
FNDA:2,(anonymous_3)
FNDA:2,(anonymous_4)
FNDA:2,(anonymous_5)
FNDA:2,(anonymous_6)
FNDA:2,(anonymous_7)
FNDA:2,(anonymous_8)
FNDA:2,(anonymous_9)
FNDA:2,(anonymous_10)
FNDA:2,(anonymous_11)
FNDA:2,(anonymous_12)
DA:1,1
DA:3,1
DA:9,1
DA:14,1
DA:590,1
DA:747,1
DA:748,2
DA:749,2
DA:750,2
DA:751,2
DA:752,2
DA:753,2
DA:754,2
DA:755,2
DA:756,2
DA:757,2
DA:758,2
DA:759,2
DA:760,2
DA:761,2
DA:763,0
LF:21
LH:20
BRDA:760,0,0,2
BRDA:760,0,1,0
BRF:2
BRH:1
end_of_record
TN:
SF:src\model\userslogin.js
FN:6,(anonymous_0)
FN:7,(anonymous_1)
FN:8,(anonymous_2)
FN:17,(anonymous_3)
FN:18,(anonymous_4)
FN:19,(anonymous_5)
FNF:6
FNH:6
FNDA:5,(anonymous_0)
FNDA:5,(anonymous_1)
FNDA:5,(anonymous_2)
FNDA:6,(anonymous_3)
FNDA:6,(anonymous_4)
FNDA:2,(anonymous_5)
DA:1,1
DA:2,1
DA:4,1
DA:6,1
DA:7,5
DA:8,5
DA:9,5
DA:10,3
DA:12,2
DA:17,1
DA:18,6
DA:19,6
DA:20,2
DA:21,2
DA:23,0
DA:30,1
LF:16
LH:15
BRDA:9,0,0,3
BRDA:9,0,1,2
BRDA:20,1,0,2
BRDA:20,1,1,0
BRF:4
BRH:3
end_of_record
TN:
SF:src\model\beanClasses\users.js
FN:2,(anonymous_0)
FNF:1
FNH:1
FNDA:3,(anonymous_0)
DA:3,3
DA:4,3
DA:5,3
DA:6,3
DA:7,3
DA:8,3
DA:12,1
LF:7
LH:7
BRF:0
BRH:0
end_of_record
TN:
SF:src\service\userslogin.js
FN:6,(anonymous_0)
FN:7,(anonymous_1)
FN:14,(anonymous_2)
FNF:3
FNH:3
FNDA:3,(anonymous_0)
FNDA:3,(anonymous_1)
FNDA:2,(anonymous_2)
DA:1,1
DA:3,1
DA:6,1
DA:7,3
DA:8,3
DA:9,1
DA:10,1
DA:11,1
DA:14,2
DA:15,2
DA:16,1
DA:17,1
DA:18,1
DA:21,1
DA:28,1
LF:15
LH:15
BRDA:8,0,0,1
BRDA:8,0,1,2
BRDA:15,1,0,1
BRDA:15,1,1,1
BRF:4
BRH:4
end_of_record
TN:
SF:src\utilities\connections.js
FN:87,(anonymous_0)
FN:88,(anonymous_1)
FN:90,(anonymous_2)
FN:97,(anonymous_3)
FN:98,(anonymous_4)
FN:100,(anonymous_5)
FN:106,(anonymous_6)
FN:107,(anonymous_7)
FN:109,(anonymous_8)
FN:115,(anonymous_9)
FN:116,(anonymous_10)
FN:118,(anonymous_11)
FNF:12
FNH:8
FNDA:19,(anonymous_0)
FNDA:19,(anonymous_1)
FNDA:0,(anonymous_2)
FNDA:6,(anonymous_3)
FNDA:6,(anonymous_4)
FNDA:0,(anonymous_5)
FNDA:2,(anonymous_6)
FNDA:2,(anonymous_7)
FNDA:0,(anonymous_8)
FNDA:11,(anonymous_9)
FNDA:11,(anonymous_10)
FNDA:0,(anonymous_11)
DA:1,1
DA:2,1
DA:3,1
DA:4,1
DA:6,1
DA:15,1
DA:29,1
DA:57,1
DA:85,1
DA:87,1
DA:88,19
DA:89,19
DA:91,0
DA:93,0
DA:94,0
DA:97,1
DA:98,6
DA:99,6
DA:101,0
DA:102,0
DA:103,0
DA:106,1
DA:107,2
DA:108,2
DA:110,0
DA:111,0
DA:112,0
DA:115,1
DA:116,11
DA:117,11
DA:119,0
DA:120,0
DA:121,0
DA:124,1
LF:34
LH:22
BRF:0
BRH:0
end_of_record
